[debug] [2023-04-23T19:58:59.081Z] ----------------------------------------------------------------------
[debug] [2023-04-23T19:58:59.082Z] Command:       C:\Program Files\nodejs\node.exe C:\Users\shaun\AppData\Roaming\npm\node_modules\firebase-tools\lib\bin\firebase.js init
[debug] [2023-04-23T19:58:59.083Z] CLI Version:   11.28.0
[debug] [2023-04-23T19:58:59.083Z] Platform:      win32
[debug] [2023-04-23T19:58:59.083Z] Node Version:  v16.18.0
[debug] [2023-04-23T19:58:59.084Z] Time:          Mon Apr 24 2023 01:28:59 GMT+0530 (India Standard Time)
[debug] [2023-04-23T19:58:59.084Z] ----------------------------------------------------------------------
[debug] 
[debug] [2023-04-23T19:58:59.090Z] > command requires scopes: ["email","openid","https://www.googleapis.com/auth/cloudplatformprojects.readonly","https://www.googleapis.com/auth/firebase","https://www.googleapis.com/auth/cloud-platform"]
[debug] [2023-04-23T19:58:59.090Z] > authorizing via signed-in user (shaunfurtado49@gmail.com)
[info] 
     ######## #### ########  ######## ########     ###     ######  ########
     ##        ##  ##     ## ##       ##     ##  ##   ##  ##       ##
     ######    ##  ########  ######   ########  #########  ######  ######
     ##        ##  ##    ##  ##       ##     ## ##     ##       ## ##
     ##       #### ##     ## ######## ########  ##     ##  ######  ########

You're about to initialize a Firebase project in this directory:

  C:\Users\shaun\firestart

[info] 
=== Project Setup
[info] 
[info] First, let's associate this project directory with a Firebase project.
[info] You can create multiple project aliases by running firebase use --add, 
[info] but for now we'll just set up a default project.
[info] 
[debug] [2023-04-23T20:01:22.437Z] >>> [apiv2][query] GET https://firebase.googleapis.com/v1beta1/projects pageSize=100
[debug] [2023-04-23T20:01:23.365Z] <<< [apiv2][status] GET https://firebase.googleapis.com/v1beta1/projects 200
[debug] [2023-04-23T20:01:23.365Z] <<< [apiv2][body] GET https://firebase.googleapis.com/v1beta1/projects [omitted]
[info] i  Using project firestartup-a5450 (FireStartup) 
[info] 
=== Firestore Setup
[debug] [2023-04-23T20:01:28.970Z] >>> [apiv2][query] GET https://serviceusage.googleapis.com/v1/projects/firestartup-a5450/services/firestore.googleapis.com [none]
[debug] [2023-04-23T20:01:28.970Z] >>> [apiv2][(partial)header] GET https://serviceusage.googleapis.com/v1/projects/firestartup-a5450/services/firestore.googleapis.com x-goog-quota-user=projects/firestartup-a5450
[debug] [2023-04-23T20:01:30.815Z] <<< [apiv2][status] GET https://serviceusage.googleapis.com/v1/projects/firestartup-a5450/services/firestore.googleapis.com 200
[debug] [2023-04-23T20:01:30.815Z] <<< [apiv2][body] GET https://serviceusage.googleapis.com/v1/projects/firestartup-a5450/services/firestore.googleapis.com [omitted]
[debug] [2023-04-23T20:01:30.816Z] >>> [apiv2][query] GET https://firestore.googleapis.com/v1/projects/firestartup-a5450/databases/(default) [none]
[debug] [2023-04-23T20:01:32.424Z] <<< [apiv2][status] GET https://firestore.googleapis.com/v1/projects/firestartup-a5450/databases/(default) 200
[debug] [2023-04-23T20:01:32.425Z] <<< [apiv2][body] GET https://firestore.googleapis.com/v1/projects/firestartup-a5450/databases/(default) {"name":"projects/firestartup-a5450/databases/(default)","uid":"2ff1b4cc-b591-4c19-a3a6-ca6ecb9ae5e7","createTime":"2023-04-22T18:11:23.717508Z","updateTime":"2023-04-22T18:11:23.717508Z","locationId":"nam5","type":"FIRESTORE_NATIVE","concurrencyMode":"PESSIMISTIC","appEngineIntegrationMode":"DISABLED","keyPrefix":"s","deleteProtectionState":"DELETE_PROTECTION_DISABLED","etag":"IKXNj9rlwP4CMIy047HCwP4C"}
[debug] [2023-04-23T20:01:32.425Z] database_type: FIRESTORE_NATIVE
[debug] [2023-04-23T20:01:32.425Z] > command requires scopes: ["email","openid","https://www.googleapis.com/auth/cloudplatformprojects.readonly","https://www.googleapis.com/auth/firebase","https://www.googleapis.com/auth/cloud-platform"]
[debug] [2023-04-23T20:01:32.425Z] > authorizing via signed-in user (shaunfurtado49@gmail.com)
[debug] [2023-04-23T20:01:32.425Z] [iam] checking project firestartup-a5450 for permissions ["firebase.projects.get"]
[debug] [2023-04-23T20:01:32.426Z] >>> [apiv2][query] POST https://cloudresourcemanager.googleapis.com/v1/projects/firestartup-a5450:testIamPermissions [none]
[debug] [2023-04-23T20:01:32.426Z] >>> [apiv2][(partial)header] POST https://cloudresourcemanager.googleapis.com/v1/projects/firestartup-a5450:testIamPermissions x-goog-quota-user=projects/firestartup-a5450
[debug] [2023-04-23T20:01:32.426Z] >>> [apiv2][body] POST https://cloudresourcemanager.googleapis.com/v1/projects/firestartup-a5450:testIamPermissions {"permissions":["firebase.projects.get"]}
[debug] [2023-04-23T20:01:33.808Z] <<< [apiv2][status] POST https://cloudresourcemanager.googleapis.com/v1/projects/firestartup-a5450:testIamPermissions 200
[debug] [2023-04-23T20:01:33.808Z] <<< [apiv2][body] POST https://cloudresourcemanager.googleapis.com/v1/projects/firestartup-a5450:testIamPermissions {"permissions":["firebase.projects.get"]}
[info] 
[info] Firestore Security Rules allow you to define how and when to allow
[info] requests. You can keep these rules in your project directory
[info] and publish them with firebase deploy.
[info] 
[debug] [2023-04-23T20:01:38.740Z] >>> [apiv2][query] GET https://firebaserules.googleapis.com/v1/projects/firestartup-a5450/releases pageSize=10&pageToken=
[debug] [2023-04-23T20:01:40.329Z] <<< [apiv2][status] GET https://firebaserules.googleapis.com/v1/projects/firestartup-a5450/releases 200
[debug] [2023-04-23T20:01:40.329Z] <<< [apiv2][body] GET https://firebaserules.googleapis.com/v1/projects/firestartup-a5450/releases {"releases":[{"name":"projects/firestartup-a5450/releases/cloud.firestore","rulesetName":"projects/firestartup-a5450/rulesets/1e6c82a3-5e37-4e69-853e-b828b083eb47","createTime":"2023-04-22T18:11:28.455405Z","updateTime":"2023-04-22T18:11:28.455405Z"},{"name":"projects/firestartup-a5450/releases/firebase.storage/firestartup-a5450.appspot.com","rulesetName":"projects/firestartup-a5450/rulesets/bb8ab998-31e6-4716-9cf3-22fe63b0ceb7","createTime":"2023-04-23T19:48:50.200883Z","updateTime":"2023-04-23T19:48:50.200883Z"}]}
[debug] [2023-04-23T20:01:40.338Z] Found ruleset: projects/firestartup-a5450/rulesets/1e6c82a3-5e37-4e69-853e-b828b083eb47
[debug] [2023-04-23T20:01:40.338Z] >>> [apiv2][query] GET https://firebaserules.googleapis.com/v1/projects/firestartup-a5450/rulesets/1e6c82a3-5e37-4e69-853e-b828b083eb47 [none]
[debug] [2023-04-23T20:01:41.791Z] <<< [apiv2][status] GET https://firebaserules.googleapis.com/v1/projects/firestartup-a5450/rulesets/1e6c82a3-5e37-4e69-853e-b828b083eb47 200
[debug] [2023-04-23T20:01:41.791Z] <<< [apiv2][body] GET https://firebaserules.googleapis.com/v1/projects/firestartup-a5450/rulesets/1e6c82a3-5e37-4e69-853e-b828b083eb47 [omitted]
[info] 
[info] Firestore indexes allow you to perform complex queries while
[info] maintaining performance that scales with the size of the result
[info] set. You can keep index definitions in your project directory
[info] and publish them with firebase deploy.
[info] 
[debug] [2023-04-23T20:02:34.275Z] >>> [apiv2][query] GET https://firestore.googleapis.com/v1/projects/firestartup-a5450/databases/(default)/collectionGroups/-/indexes [none]
[debug] [2023-04-23T20:02:34.277Z] >>> [apiv2][query] GET https://firestore.googleapis.com/v1/projects/firestartup-a5450/databases/(default)/collectionGroups/-/fields?filter=indexConfig.usesAncestorConfig=false OR ttlConfig:* [none]
[debug] [2023-04-23T20:02:35.868Z] <<< [apiv2][status] GET https://firestore.googleapis.com/v1/projects/firestartup-a5450/databases/(default)/collectionGroups/-/indexes 200
[debug] [2023-04-23T20:02:35.868Z] <<< [apiv2][body] GET https://firestore.googleapis.com/v1/projects/firestartup-a5450/databases/(default)/collectionGroups/-/indexes {}
[debug] [2023-04-23T20:02:35.870Z] <<< [apiv2][status] GET https://firestore.googleapis.com/v1/projects/firestartup-a5450/databases/(default)/collectionGroups/-/fields?filter=indexConfig.usesAncestorConfig=false OR ttlConfig:* 200
[debug] [2023-04-23T20:02:35.871Z] <<< [apiv2][body] GET https://firestore.googleapis.com/v1/projects/firestartup-a5450/databases/(default)/collectionGroups/-/fields?filter=indexConfig.usesAncestorConfig=false OR ttlConfig:* {"fields":[{"name":"projects/firestartup-a5450/databases/(default)/collectionGroups/__default__/fields/*","indexConfig":{"indexes":[{"queryScope":"COLLECTION","fields":[{"fieldPath":"*","order":"ASCENDING"}],"state":"READY"},{"queryScope":"COLLECTION","fields":[{"fieldPath":"*","order":"DESCENDING"}],"state":"READY"},{"queryScope":"COLLECTION","fields":[{"fieldPath":"*","arrayConfig":"CONTAINS"}],"state":"READY"}]}}]}
[info] 
=== Hosting Setup
[info] 
[info] Your public directory is the folder (relative to your project directory) that
[info] will contain Hosting assets to be uploaded with firebase deploy. If you
[info] have a build process for your assets, use your build's output directory.
[info] 
[debug] [2023-04-23T20:03:05.970Z] >>> [apiv2][query] GET https://www.gstatic.com/firebasejs/releases.json [none]
[debug] [2023-04-23T20:03:06.121Z] <<< [apiv2][status] GET https://www.gstatic.com/firebasejs/releases.json 200
[debug] [2023-04-23T20:03:06.121Z] <<< [apiv2][body] GET https://www.gstatic.com/firebasejs/releases.json {"current":{"version":"9.20.0","browserURL":"https://www.gstatic.com/firebasejs/9.20.0/firebase.js","packageURL":"https://www.gstatic.com/firebasejs/9.20.0/firebase.tgz"},"live":{"version":"9.20","browserURL":"https://www.gstatic.com/firebasejs/live/9.20/firebase.js","packageURL":"https://www.gstatic.com/firebasejs/live/9.20/firebase.tgz"},"components":{"analytics":"https://www.gstatic.com/firebasejs/9.20.0/firebase-analytics.js","app":"https://www.gstatic.com/firebasejs/9.20.0/firebase-app.js","app-check":"https://www.gstatic.com/firebasejs/9.20.0/firebase-app-check.js","auth":"https://www.gstatic.com/firebasejs/9.20.0/firebase-auth.js","auth/cordova":"https://www.gstatic.com/firebasejs/9.20.0/firebase-auth/cordova.js","auth/react-native":"https://www.gstatic.com/firebasejs/9.20.0/firebase-auth/react-native.js","functions":"https://www.gstatic.com/firebasejs/9.20.0/firebase-functions.js","firestore":"https://www.gstatic.com/firebasejs/9.20.0/firebase-firestore.js","firestore/lite":"https://www.gstatic.com/firebasejs/9.20.0/firebase-firestore/lite.js","installations":"https://www.gstatic.com/firebasejs/9.20.0/firebase-installations.js","storage":"https://www.gstatic.com/firebasejs/9.20.0/firebase-storage.js","performance":"https://www.gstatic.com/firebasejs/9.20.0/firebase-performance.js","remote-config":"https://www.gstatic.com/firebasejs/9.20.0/firebase-remote-config.js","messaging":"https://www.gstatic.com/firebasejs/9.20.0/firebase-messaging.js","messaging/sw":"https://www.gstatic.com/firebasejs/9.20.0/firebase-messaging/sw.js","database":"https://www.gstatic.com/firebasejs/9.20.0/firebase-database.js","firestore.memory":"https://www.gstatic.com/firebasejs/9.20.0/firebase-firestore.memory.js"}}
[debug] [2023-04-23T20:03:06.123Z] Error: ENOTDIR: not a directory, scandir 'C:\Users\shaun\firestart\dist'
    at Object.readdirSync (node:fs:1438:3)
    at Object.createFileSync (C:\Users\shaun\AppData\Roaming\npm\node_modules\firebase-tools\node_modules\fs-extra\lib\ensure\file.js:55:10)
    at Config.writeProjectFile (C:\Users\shaun\AppData\Roaming\npm\node_modules\firebase-tools\lib\config.js:152:12)
    at C:\Users\shaun\AppData\Roaming\npm\node_modules\firebase-tools\lib\config.js:176:22
    at processTicksAndRejections (node:internal/process/task_queues:96:5)
    at async doSetup (C:\Users\shaun\AppData\Roaming\npm\node_modules\firebase-tools\lib\init\features\hosting\index.js:144:9)
    at async init (C:\Users\shaun\AppData\Roaming\npm\node_modules\firebase-tools\lib\init\index.js:37:9)
[error] 
[error] Error: An unexpected error has occurred.
[debug] [2023-04-23T20:03:15.844Z] ----------------------------------------------------------------------
[debug] [2023-04-23T20:03:15.846Z] Command:       C:\Program Files\nodejs\node.exe C:\Users\shaun\AppData\Roaming\npm\node_modules\firebase-tools\lib\bin\firebase.js init
[debug] [2023-04-23T20:03:15.846Z] CLI Version:   11.28.0
[debug] [2023-04-23T20:03:15.846Z] Platform:      win32
[debug] [2023-04-23T20:03:15.846Z] Node Version:  v16.18.0
[debug] [2023-04-23T20:03:15.847Z] Time:          Mon Apr 24 2023 01:33:15 GMT+0530 (India Standard Time)
[debug] [2023-04-23T20:03:15.848Z] ----------------------------------------------------------------------
[debug] 
[debug] [2023-04-23T20:03:15.854Z] > command requires scopes: ["email","openid","https://www.googleapis.com/auth/cloudplatformprojects.readonly","https://www.googleapis.com/auth/firebase","https://www.googleapis.com/auth/cloud-platform"]
[debug] [2023-04-23T20:03:15.854Z] > authorizing via signed-in user (shaunfurtado49@gmail.com)
[info] 
     ######## #### ########  ######## ########     ###     ######  ########
     ##        ##  ##     ## ##       ##     ##  ##   ##  ##       ##
     ######    ##  ########  ######   ########  #########  ######  ######
     ##        ##  ##    ##  ##       ##     ## ##     ##       ## ##
     ##       #### ##     ## ######## ########  ##     ##  ######  ########

You're about to initialize a Firebase project in this directory:

  C:\Users\shaun\firestart

[info] 
=== Project Setup
[info] 
[info] First, let's associate this project directory with a Firebase project.
[info] You can create multiple project aliases by running firebase use --add, 
[info] but for now we'll just set up a default project.
[info] 
[debug] [2023-04-23T20:03:26.766Z] >>> [apiv2][query] GET https://firebase.googleapis.com/v1beta1/projects pageSize=100
[debug] [2023-04-23T20:03:27.681Z] <<< [apiv2][status] GET https://firebase.googleapis.com/v1beta1/projects 200
[debug] [2023-04-23T20:03:27.681Z] <<< [apiv2][body] GET https://firebase.googleapis.com/v1beta1/projects [omitted]
[info] i  Using project firestartup-a5450 (FireStartup) 
[info] 
=== Firestore Setup
[debug] [2023-04-23T20:03:29.459Z] >>> [apiv2][query] GET https://serviceusage.googleapis.com/v1/projects/firestartup-a5450/services/firestore.googleapis.com [none]
[debug] [2023-04-23T20:03:29.459Z] >>> [apiv2][(partial)header] GET https://serviceusage.googleapis.com/v1/projects/firestartup-a5450/services/firestore.googleapis.com x-goog-quota-user=projects/firestartup-a5450
[debug] [2023-04-23T20:03:31.176Z] <<< [apiv2][status] GET https://serviceusage.googleapis.com/v1/projects/firestartup-a5450/services/firestore.googleapis.com 200
[debug] [2023-04-23T20:03:31.177Z] <<< [apiv2][body] GET https://serviceusage.googleapis.com/v1/projects/firestartup-a5450/services/firestore.googleapis.com [omitted]
[debug] [2023-04-23T20:03:31.177Z] >>> [apiv2][query] GET https://firestore.googleapis.com/v1/projects/firestartup-a5450/databases/(default) [none]
[debug] [2023-04-23T20:03:32.777Z] <<< [apiv2][status] GET https://firestore.googleapis.com/v1/projects/firestartup-a5450/databases/(default) 200
[debug] [2023-04-23T20:03:32.777Z] <<< [apiv2][body] GET https://firestore.googleapis.com/v1/projects/firestartup-a5450/databases/(default) {"name":"projects/firestartup-a5450/databases/(default)","uid":"2ff1b4cc-b591-4c19-a3a6-ca6ecb9ae5e7","createTime":"2023-04-22T18:11:23.717508Z","updateTime":"2023-04-22T18:11:23.717508Z","locationId":"nam5","type":"FIRESTORE_NATIVE","concurrencyMode":"PESSIMISTIC","appEngineIntegrationMode":"DISABLED","keyPrefix":"s","deleteProtectionState":"DELETE_PROTECTION_DISABLED","etag":"IL/WwZPmwP4CMIy047HCwP4C"}
[debug] [2023-04-23T20:03:32.777Z] database_type: FIRESTORE_NATIVE
[debug] [2023-04-23T20:03:32.777Z] > command requires scopes: ["email","openid","https://www.googleapis.com/auth/cloudplatformprojects.readonly","https://www.googleapis.com/auth/firebase","https://www.googleapis.com/auth/cloud-platform"]
[debug] [2023-04-23T20:03:32.777Z] > authorizing via signed-in user (shaunfurtado49@gmail.com)
[debug] [2023-04-23T20:03:32.777Z] [iam] checking project firestartup-a5450 for permissions ["firebase.projects.get"]
[debug] [2023-04-23T20:03:32.778Z] >>> [apiv2][query] POST https://cloudresourcemanager.googleapis.com/v1/projects/firestartup-a5450:testIamPermissions [none]
[debug] [2023-04-23T20:03:32.778Z] >>> [apiv2][(partial)header] POST https://cloudresourcemanager.googleapis.com/v1/projects/firestartup-a5450:testIamPermissions x-goog-quota-user=projects/firestartup-a5450
[debug] [2023-04-23T20:03:32.778Z] >>> [apiv2][body] POST https://cloudresourcemanager.googleapis.com/v1/projects/firestartup-a5450:testIamPermissions {"permissions":["firebase.projects.get"]}
[debug] [2023-04-23T20:03:34.061Z] <<< [apiv2][status] POST https://cloudresourcemanager.googleapis.com/v1/projects/firestartup-a5450:testIamPermissions 200
[debug] [2023-04-23T20:03:34.062Z] <<< [apiv2][body] POST https://cloudresourcemanager.googleapis.com/v1/projects/firestartup-a5450:testIamPermissions {"permissions":["firebase.projects.get"]}
[info] 
[info] Firestore Security Rules allow you to define how and when to allow
[info] requests. You can keep these rules in your project directory
[info] and publish them with firebase deploy.
[info] 
[debug] [2023-04-23T20:04:36.896Z] >>> [apiv2][query] GET https://firebaserules.googleapis.com/v1/projects/firestartup-a5450/releases pageSize=10&pageToken=
[debug] [2023-04-23T20:04:38.370Z] <<< [apiv2][status] GET https://firebaserules.googleapis.com/v1/projects/firestartup-a5450/releases 200
[debug] [2023-04-23T20:04:38.370Z] <<< [apiv2][body] GET https://firebaserules.googleapis.com/v1/projects/firestartup-a5450/releases {"releases":[{"name":"projects/firestartup-a5450/releases/cloud.firestore","rulesetName":"projects/firestartup-a5450/rulesets/1e6c82a3-5e37-4e69-853e-b828b083eb47","createTime":"2023-04-22T18:11:28.455405Z","updateTime":"2023-04-22T18:11:28.455405Z"},{"name":"projects/firestartup-a5450/releases/firebase.storage/firestartup-a5450.appspot.com","rulesetName":"projects/firestartup-a5450/rulesets/bb8ab998-31e6-4716-9cf3-22fe63b0ceb7","createTime":"2023-04-23T19:48:50.200883Z","updateTime":"2023-04-23T19:48:50.200883Z"}]}
[debug] [2023-04-23T20:04:38.379Z] Found ruleset: projects/firestartup-a5450/rulesets/1e6c82a3-5e37-4e69-853e-b828b083eb47
[debug] [2023-04-23T20:04:38.380Z] >>> [apiv2][query] GET https://firebaserules.googleapis.com/v1/projects/firestartup-a5450/rulesets/1e6c82a3-5e37-4e69-853e-b828b083eb47 [none]
[debug] [2023-04-23T20:04:38.771Z] <<< [apiv2][status] GET https://firebaserules.googleapis.com/v1/projects/firestartup-a5450/rulesets/1e6c82a3-5e37-4e69-853e-b828b083eb47 200
[debug] [2023-04-23T20:04:38.771Z] <<< [apiv2][body] GET https://firebaserules.googleapis.com/v1/projects/firestartup-a5450/rulesets/1e6c82a3-5e37-4e69-853e-b828b083eb47 [omitted]
[info] 
[info] Firestore indexes allow you to perform complex queries while
[info] maintaining performance that scales with the size of the result
[info] set. You can keep index definitions in your project directory
[info] and publish them with firebase deploy.
[info] 
[debug] [2023-04-23T20:04:50.633Z] >>> [apiv2][query] GET https://firestore.googleapis.com/v1/projects/firestartup-a5450/databases/(default)/collectionGroups/-/indexes [none]
[debug] [2023-04-23T20:04:50.634Z] >>> [apiv2][query] GET https://firestore.googleapis.com/v1/projects/firestartup-a5450/databases/(default)/collectionGroups/-/fields?filter=indexConfig.usesAncestorConfig=false OR ttlConfig:* [none]
[debug] [2023-04-23T20:04:52.222Z] <<< [apiv2][status] GET https://firestore.googleapis.com/v1/projects/firestartup-a5450/databases/(default)/collectionGroups/-/fields?filter=indexConfig.usesAncestorConfig=false OR ttlConfig:* 200
[debug] [2023-04-23T20:04:52.222Z] <<< [apiv2][body] GET https://firestore.googleapis.com/v1/projects/firestartup-a5450/databases/(default)/collectionGroups/-/fields?filter=indexConfig.usesAncestorConfig=false OR ttlConfig:* {"fields":[{"name":"projects/firestartup-a5450/databases/(default)/collectionGroups/__default__/fields/*","indexConfig":{"indexes":[{"queryScope":"COLLECTION","fields":[{"fieldPath":"*","order":"ASCENDING"}],"state":"READY"},{"queryScope":"COLLECTION","fields":[{"fieldPath":"*","order":"DESCENDING"}],"state":"READY"},{"queryScope":"COLLECTION","fields":[{"fieldPath":"*","arrayConfig":"CONTAINS"}],"state":"READY"}]}}]}
[debug] [2023-04-23T20:04:52.225Z] <<< [apiv2][status] GET https://firestore.googleapis.com/v1/projects/firestartup-a5450/databases/(default)/collectionGroups/-/indexes 200
[debug] [2023-04-23T20:04:52.225Z] <<< [apiv2][body] GET https://firestore.googleapis.com/v1/projects/firestartup-a5450/databases/(default)/collectionGroups/-/indexes {}
[info] 
=== Hosting Setup
[info] 
[info] Your public directory is the folder (relative to your project directory) that
[info] will contain Hosting assets to be uploaded with firebase deploy. If you
[info] have a build process for your assets, use your build's output directory.
[info] 
[debug] [2023-04-23T20:05:01.358Z] >>> [apiv2][query] GET https://www.gstatic.com/firebasejs/releases.json [none]
[debug] [2023-04-23T20:05:01.475Z] <<< [apiv2][status] GET https://www.gstatic.com/firebasejs/releases.json 200
[debug] [2023-04-23T20:05:01.475Z] <<< [apiv2][body] GET https://www.gstatic.com/firebasejs/releases.json {"current":{"version":"9.20.0","browserURL":"https://www.gstatic.com/firebasejs/9.20.0/firebase.js","packageURL":"https://www.gstatic.com/firebasejs/9.20.0/firebase.tgz"},"live":{"version":"9.20","browserURL":"https://www.gstatic.com/firebasejs/live/9.20/firebase.js","packageURL":"https://www.gstatic.com/firebasejs/live/9.20/firebase.tgz"},"components":{"analytics":"https://www.gstatic.com/firebasejs/9.20.0/firebase-analytics.js","app":"https://www.gstatic.com/firebasejs/9.20.0/firebase-app.js","app-check":"https://www.gstatic.com/firebasejs/9.20.0/firebase-app-check.js","auth":"https://www.gstatic.com/firebasejs/9.20.0/firebase-auth.js","auth/cordova":"https://www.gstatic.com/firebasejs/9.20.0/firebase-auth/cordova.js","auth/react-native":"https://www.gstatic.com/firebasejs/9.20.0/firebase-auth/react-native.js","functions":"https://www.gstatic.com/firebasejs/9.20.0/firebase-functions.js","firestore":"https://www.gstatic.com/firebasejs/9.20.0/firebase-firestore.js","firestore/lite":"https://www.gstatic.com/firebasejs/9.20.0/firebase-firestore/lite.js","installations":"https://www.gstatic.com/firebasejs/9.20.0/firebase-installations.js","storage":"https://www.gstatic.com/firebasejs/9.20.0/firebase-storage.js","performance":"https://www.gstatic.com/firebasejs/9.20.0/firebase-performance.js","remote-config":"https://www.gstatic.com/firebasejs/9.20.0/firebase-remote-config.js","messaging":"https://www.gstatic.com/firebasejs/9.20.0/firebase-messaging.js","messaging/sw":"https://www.gstatic.com/firebasejs/9.20.0/firebase-messaging/sw.js","database":"https://www.gstatic.com/firebasejs/9.20.0/firebase-database.js","firestore.memory":"https://www.gstatic.com/firebasejs/9.20.0/firebase-firestore.memory.js"}}
[debug] [2023-04-23T20:05:01.478Z] Error: ENOTDIR: not a directory, scandir 'C:\Users\shaun\firestart\dist'
    at Object.readdirSync (node:fs:1438:3)
    at Object.createFileSync (C:\Users\shaun\AppData\Roaming\npm\node_modules\firebase-tools\node_modules\fs-extra\lib\ensure\file.js:55:10)
    at Config.writeProjectFile (C:\Users\shaun\AppData\Roaming\npm\node_modules\firebase-tools\lib\config.js:152:12)
    at C:\Users\shaun\AppData\Roaming\npm\node_modules\firebase-tools\lib\config.js:176:22
    at processTicksAndRejections (node:internal/process/task_queues:96:5)
    at async doSetup (C:\Users\shaun\AppData\Roaming\npm\node_modules\firebase-tools\lib\init\features\hosting\index.js:144:9)
    at async init (C:\Users\shaun\AppData\Roaming\npm\node_modules\firebase-tools\lib\init\index.js:37:9)
[error] 
[error] Error: An unexpected error has occurred.
